#
# A fatal error has been detected by the Java Runtime Environment:
#
#  Internal Error (javaClasses.cpp:136), pid=7560, tid=139868036761344
#  fatal error: Invalid layout of preloaded class
#
# JRE version:  (7.0_55-b14) (build )
# Java VM: OpenJDK 64-Bit Server VM (24.51-b03 mixed mode linux-amd64 compressed oops)
# Failed to write core dump. Core dumps have been disabled. To enable core dumping, try "ulimit -c unlimited" before starting Java again
#
# If you would like to submit a bug report, please include
# instructions on how to reproduce the bug and visit:
#   http://icedtea.classpath.org/bugzilla
#

---------------  T H R E A D  ---------------

Current thread (0x00007f358800a000):  JavaThread "Unknown thread" [_thread_in_vm, id=7562, stack(0x00007f3590958000,0x00007f3590a59000)]

Stack: [0x00007f3590958000,0x00007f3590a59000],  sp=0x00007f3590a57910,  free space=1022k
Native frames: (J=compiled Java code, j=interpreted, Vv=VM code, C=native code)
V  [libjvm.so+0x917b35]  VMError::report_and_die()+0x175
V  [libjvm.so+0x4680b4]  report_fatal(char const*, int, char const*)+0x54
V  [libjvm.so+0x5c0e8a]  compute_offset(int&, klassOopDesc*, Symbol*, Symbol*, bool) [clone .constprop.121]+0x10a
V  [libjvm.so+0x5c1496]  java_lang_String::compute_offsets()+0x36
V  [libjvm.so+0x89e74c]  SystemDictionary::initialize_preloaded_classes(Thread*)+0xcc
V  [libjvm.so+0x8e9698]  Universe::genesis(Thread*)+0x468
V  [libjvm.so+0x8e9ca4]  universe2_init()+0x24
V  [libjvm.so+0x575b8a]  init_globals()+0x9a
V  [libjvm.so+0x8ccfaf]  Threads::create_vm(JavaVMInitArgs*, bool*)+0x35f
V  [libjvm.so+0x5df3d4]  JNI_CreateJavaVM+0x54
C  [libjli.so+0x2b18]  __strcat_chk+0x2b18


---------------  P R O C E S S  ---------------

Java Threads: ( => current thread )

Other Threads:

=>0x00007f358800a000 (exited) JavaThread "Unknown thread" [_thread_in_vm, id=7562, stack(0x00007f3590958000,0x00007f3590a59000)]

VM state:not at safepoint (not fully initialized)

VM Mutex/Monitor currently owned by a thread: None

GC Heap History (0 events):
No events

Deoptimization events (0 events):
No events

Internal exceptions (0 events):
No events

Events (10 events):
Event: 0.019 loading class 0x00007f358cd8e6f0 done
Event: 0.019 loading class 0x00007f358cd8e110 done
Event: 0.019 loading class 0x00007f358cd8e0f0
Event: 0.019 loading class 0x00007f358cd96130
Event: 0.019 loading class 0x00007f358cd96130 done
Event: 0.019 loading class 0x00007f358cd96160
Event: 0.019 loading class 0x00007f358cd96160 done
Event: 0.019 loading class 0x00007f358cd96190
Event: 0.019 loading class 0x00007f358cd96190 done
Event: 0.019 loading class 0x00007f358cd8e0f0 done


Dynamic libraries:
00400000-00401000 r-xp 00000000 08:05 1981289                            /usr/lib/jvm/java-7-openjdk-amd64/jre/bin/java
00600000-00601000 r--p 00000000 08:05 1981289                            /usr/lib/jvm/java-7-openjdk-amd64/jre/bin/java
00601000-00602000 rw-p 00001000 08:05 1981289                            /usr/lib/jvm/java-7-openjdk-amd64/jre/bin/java
019f0000-01a11000 rw-p 00000000 00:00 0                                  [heap]
bbc00000-bd100000 rw-p 00000000 00:00 0 
bd100000-c6200000 rw-p 00000000 00:00 0 
c6200000-c8880000 rw-p 00000000 00:00 0 
c8880000-ecb00000 rw-p 00000000 00:00 0 
ecb00000-ede80000 rw-p 00000000 00:00 0 
ede80000-100000000 rw-p 00000000 00:00 0 
7f3574000000-7f3574021000 rw-p 00000000 00:00 0 
7f3574021000-7f3578000000 ---p 00000000 00:00 0 
7f357c000000-7f357c021000 rw-p 00000000 00:00 0 
7f357c021000-7f3580000000 ---p 00000000 00:00 0 
7f3582de0000-7f3585000000 rw-p 00000000 00:00 0 
7f3585000000-7f3585270000 rwxp 00000000 00:00 0 
7f3585270000-7f3588052000 rw-p 00000000 00:00 0 
7f3588052000-7f358c000000 ---p 00000000 00:00 0 
7f358c9e4000-7f358cc41000 rw-p 00000000 00:00 0 
7f358cc41000-7f358cd18000 r--s 013fe000 08:06 4066076                    /home/jonathan/Área de Trabalho/adt-bundle-linux-x86_64-20131030/sdk/platforms/android-19/android.jar
7f358cd18000-7f358d033000 rw-p 00000000 00:00 0 
7f358d033000-7f358d034000 ---p 00000000 00:00 0 
7f358d034000-7f358d134000 rw-p 00000000 00:00 0                          [stack:7568]
7f358d134000-7f358d135000 ---p 00000000 00:00 0 
7f358d135000-7f358d240000 rw-p 00000000 00:00 0                          [stack:7565]
7f358d240000-7f358d288000 rw-p 00000000 00:00 0 
7f358d288000-7f358d29c000 rw-p 00000000 00:00 0 
7f358d29c000-7f358d3bd000 rw-p 00000000 00:00 0 
7f358d3bd000-7f358d3c8000 rw-p 00000000 00:00 0 
7f358d3c8000-7f358d410000 rw-p 00000000 00:00 0 
7f358d410000-7f358d424000 rw-p 00000000 00:00 0 
7f358d424000-7f358d544000 rw-p 00000000 00:00 0 
7f358d544000-7f358d54f000 rw-p 00000000 00:00 0 
7f358d54f000-7f358d5df000 rw-p 00000000 00:00 0 
7f358d5df000-7f358d5e0000 rw-p 00000000 00:00 0 
7f358d5e0000-7f358d5e8000 r-xp 00000000 08:05 1712323                    /usr/lib/jvm/java-7-openjdk-amd64/jre/lib/amd64/libzip.so
7f358d5e8000-7f358d7e7000 ---p 00008000 08:05 1712323                    /usr/lib/jvm/java-7-openjdk-amd64/jre/lib/amd64/libzip.so
7f358d7e7000-7f358d7e8000 r--p 00007000 08:05 1712323                    /usr/lib/jvm/java-7-openjdk-amd64/jre/lib/amd64/libzip.so
7f358d7e8000-7f358d7e9000 rw-p 00008000 08:05 1712323                    /usr/lib/jvm/java-7-openjdk-amd64/jre/lib/amd64/libzip.so
7f358d7e9000-7f358d7f4000 r-xp 00000000 08:05 1446012                    /lib/x86_64-linux-gnu/libnss_files-2.19.so
7f358d7f4000-7f358d9f3000 ---p 0000b000 08:05 1446012                    /lib/x86_64-linux-gnu/libnss_files-2.19.so
7f358d9f3000-7f358d9f4000 r--p 0000a000 08:05 1446012                    /lib/x86_64-linux-gnu/libnss_files-2.19.so
7f358d9f4000-7f358d9f5000 rw-p 0000b000 08:05 1446012                    /lib/x86_64-linux-gnu/libnss_files-2.19.so
7f358d9f5000-7f358da00000 r-xp 00000000 08:05 1446022                    /lib/x86_64-linux-gnu/libnss_nis-2.19.so
7f358da00000-7f358dbff000 ---p 0000b000 08:05 1446022                    /lib/x86_64-linux-gnu/libnss_nis-2.19.so
7f358dbff000-7f358dc00000 r--p 0000a000 08:05 1446022                    /lib/x86_64-linux-gnu/libnss_nis-2.19.so
7f358dc00000-7f358dc01000 rw-p 0000b000 08:05 1446022                    /lib/x86_64-linux-gnu/libnss_nis-2.19.so
7f358dc01000-7f358dc18000 r-xp 00000000 08:05 1446006                    /lib/x86_64-linux-gnu/libnsl-2.19.so
7f358dc18000-7f358de17000 ---p 00017000 08:05 1446006                    /lib/x86_64-linux-gnu/libnsl-2.19.so
7f358de17000-7f358de18000 r--p 00016000 08:05 1446006                    /lib/x86_64-linux-gnu/libnsl-2.19.so
7f358de18000-7f358de19000 rw-p 00017000 08:05 1446006                    /lib/x86_64-linux-gnu/libnsl-2.19.so
7f358de19000-7f358de1b000 rw-p 00000000 00:00 0 
7f358de1b000-7f358de24000 r-xp 00000000 08:05 1446008                    /lib/x86_64-linux-gnu/libnss_compat-2.19.so
7f358de24000-7f358e023000 ---p 00009000 08:05 1446008                    /lib/x86_64-linux-gnu/libnss_compat-2.19.so
7f358e023000-7f358e024000 r--p 00008000 08:05 1446008                    /lib/x86_64-linux-gnu/libnss_compat-2.19.so
7f358e024000-7f358e025000 rw-p 00009000 08:05 1446008                    /lib/x86_64-linux-gnu/libnss_compat-2.19.so
7f358e025000-7f358e050000 r-xp 00000000 08:05 1712319                    /usr/lib/jvm/java-7-openjdk-amd64/jre/lib/amd64/libjava.so
7f358e050000-7f358e24f000 ---p 0002b000 08:05 1712319                    /usr/lib/jvm/java-7-openjdk-amd64/jre/lib/amd64/libjava.so
7f358e24f000-7f358e250000 r--p 0002a000 08:05 1712319                    /usr/lib/jvm/java-7-openjdk-amd64/jre/lib/amd64/libjava.so
7f358e250000-7f358e252000 rw-p 0002b000 08:05 1712319                    /usr/lib/jvm/java-7-openjdk-amd64/jre/lib/amd64/libjava.so
7f358e252000-7f358e262000 r-xp 00000000 08:05 1712350                    /usr/lib/jvm/java-7-openjdk-amd64/jre/lib/amd64/libverify.so
7f358e262000-7f358e461000 ---p 00010000 08:05 1712350                    /usr/lib/jvm/java-7-openjdk-amd64/jre/lib/amd64/libverify.so
7f358e461000-7f358e463000 r--p 0000f000 08:05 1712350                    /usr/lib/jvm/java-7-openjdk-amd64/jre/lib/amd64/libverify.so
7f358e463000-7f358e464000 rw-p 00011000 08:05 1712350                    /usr/lib/jvm/java-7-openjdk-amd64/jre/lib/amd64/libverify.so
7f358e464000-7f358e46b000 r-xp 00000000 08:05 1446065                    /lib/x86_64-linux-gnu/librt-2.19.so
7f358e46b000-7f358e66a000 ---p 00007000 08:05 1446065                    /lib/x86_64-linux-gnu/librt-2.19.so
7f358e66a000-7f358e66b000 r--p 00006000 08:05 1446065                    /lib/x86_64-linux-gnu/librt-2.19.so
7f358e66b000-7f358e66c000 rw-p 00007000 08:05 1446065                    /lib/x86_64-linux-gnu/librt-2.19.so
7f358e66c000-7f358e682000 r-xp 00000000 08:05 1445964                    /lib/x86_64-linux-gnu/libgcc_s.so.1
7f358e682000-7f358e881000 ---p 00016000 08:05 1445964                    /lib/x86_64-linux-gnu/libgcc_s.so.1
7f358e881000-7f358e882000 rw-p 00015000 08:05 1445964                    /lib/x86_64-linux-gnu/libgcc_s.so.1
7f358e882000-7f358e987000 r-xp 00000000 08:05 1445987                    /lib/x86_64-linux-gnu/libm-2.19.so
7f358e987000-7f358eb86000 ---p 00105000 08:05 1445987                    /lib/x86_64-linux-gnu/libm-2.19.so
7f358eb86000-7f358eb87000 r--p 00104000 08:05 1445987                    /lib/x86_64-linux-gnu/libm-2.19.so
7f358eb87000-7f358eb88000 rw-p 00105000 08:05 1445987                    /lib/x86_64-linux-gnu/libm-2.19.so
7f358eb88000-7f358ec6e000 r-xp 00000000 08:05 1711590                    /usr/lib/x86_64-linux-gnu/libstdc++.so.6.0.19
7f358ec6e000-7f358ee6d000 ---p 000e6000 08:05 1711590                    /usr/lib/x86_64-linux-gnu/libstdc++.so.6.0.19
7f358ee6d000-7f358ee75000 r--p 000e5000 08:05 1711590                    /usr/lib/x86_64-linux-gnu/libstdc++.so.6.0.19
7f358ee75000-7f358ee77000 rw-p 000ed000 08:05 1711590                    /usr/lib/x86_64-linux-gnu/libstdc++.so.6.0.19
7f358ee77000-7f358ee8c000 rw-p 00000000 00:00 0 
7f358ee8c000-7f358f96d000 r-xp 00000000 08:05 1712333                    /usr/lib/jvm/java-7-openjdk-amd64/jre/lib/amd64/server/libjvm.so
7f358f96d000-7f358fb6c000 ---p 00ae1000 08:05 1712333                    /usr/lib/jvm/java-7-openjdk-amd64/jre/lib/amd64/server/libjvm.so
7f358fb6c000-7f358fbfe000 r--p 00ae0000 08:05 1712333                    /usr/lib/jvm/java-7-openjdk-amd64/jre/lib/amd64/server/libjvm.so
7f358fbfe000-7f358fc21000 rw-p 00b72000 08:05 1712333                    /usr/lib/jvm/java-7-openjdk-amd64/jre/lib/amd64/server/libjvm.so
7f358fc21000-7f358fc4e000 rw-p 00000000 00:00 0 
7f358fc4e000-7f358fc66000 r-xp 00000000 08:05 1446100                    /lib/x86_64-linux-gnu/libz.so.1.2.8
7f358fc66000-7f358fe65000 ---p 00018000 08:05 1446100                    /lib/x86_64-linux-gnu/libz.so.1.2.8
7f358fe65000-7f358fe66000 r--p 00017000 08:05 1446100                    /lib/x86_64-linux-gnu/libz.so.1.2.8
7f358fe66000-7f358fe67000 rw-p 00018000 08:05 1446100                    /lib/x86_64-linux-gnu/libz.so.1.2.8
7f358fe67000-7f358fe80000 r-xp 00000000 08:05 1446057                    /lib/x86_64-linux-gnu/libpthread-2.19.so
7f358fe80000-7f359007f000 ---p 00019000 08:05 1446057                    /lib/x86_64-linux-gnu/libpthread-2.19.so
7f359007f000-7f3590080000 r--p 00018000 08:05 1446057                    /lib/x86_64-linux-gnu/libpthread-2.19.so
7f3590080000-7f3590081000 rw-p 00019000 08:05 1446057                    /lib/x86_64-linux-gnu/libpthread-2.19.so
7f3590081000-7f3590085000 rw-p 00000000 00:00 0 
7f3590085000-7f3590088000 r-xp 00000000 08:05 1445954                    /lib/x86_64-linux-gnu/libdl-2.19.so
7f3590088000-7f3590287000 ---p 00003000 08:05 1445954                    /lib/x86_64-linux-gnu/libdl-2.19.so
7f3590287000-7f3590288000 r--p 00002000 08:05 1445954                    /lib/x86_64-linux-gnu/libdl-2.19.so
7f3590288000-7f3590289000 rw-p 00003000 08:05 1445954                    /lib/x86_64-linux-gnu/libdl-2.19.so
7f3590289000-7f3590445000 r-xp 00000000 08:05 1445937                    /lib/x86_64-linux-gnu/libc-2.19.so
7f3590445000-7f3590644000 ---p 001bc000 08:05 1445937                    /lib/x86_64-linux-gnu/libc-2.19.so
7f3590644000-7f3590648000 r--p 001bb000 08:05 1445937                    /lib/x86_64-linux-gnu/libc-2.19.so
7f3590648000-7f359064a000 rw-p 001bf000 08:05 1445937                    /lib/x86_64-linux-gnu/libc-2.19.so
7f359064a000-7f359064f000 rw-p 00000000 00:00 0 
7f359064f000-7f359065c000 r-xp 00000000 08:05 1712343                    /usr/lib/jvm/java-7-openjdk-amd64/jre/lib/amd64/jli/libjli.so
7f359065c000-7f359085b000 ---p 0000d000 08:05 1712343                    /usr/lib/jvm/java-7-openjdk-amd64/jre/lib/amd64/jli/libjli.so
7f359085b000-7f359085c000 r--p 0000c000 08:05 1712343                    /usr/lib/jvm/java-7-openjdk-amd64/jre/lib/amd64/jli/libjli.so
7f359085c000-7f359085d000 rw-p 0000d000 08:05 1712343                    /usr/lib/jvm/java-7-openjdk-amd64/jre/lib/amd64/jli/libjli.so
7f359085d000-7f3590880000 r-xp 00000000 08:05 1445913                    /lib/x86_64-linux-gnu/ld-2.19.so
7f3590882000-7f35908a2000 rw-p 00000000 00:00 0 
7f35908a2000-7f3590958000 rw-p 00000000 00:00 0 
7f3590958000-7f359095b000 ---p 00000000 00:00 0 
7f359095b000-7f3590a5e000 rw-p 00000000 00:00 0                          [stack:7562]
7f3590a71000-7f3590a73000 rw-p 00000000 00:00 0 
7f3590a73000-7f3590a7b000 rw-s 00000000 08:05 655773                     /tmp/hsperfdata_jonathan/7560
7f3590a7b000-7f3590a7c000 rw-p 00000000 00:00 0 
7f3590a7c000-7f3590a7d000 r--p 00000000 00:00 0 
7f3590a7d000-7f3590a7f000 rw-p 00000000 00:00 0 
7f3590a7f000-7f3590a80000 r--p 00022000 08:05 1445913                    /lib/x86_64-linux-gnu/ld-2.19.so
7f3590a80000-7f3590a81000 rw-p 00023000 08:05 1445913                    /lib/x86_64-linux-gnu/ld-2.19.so
7f3590a81000-7f3590a82000 rw-p 00000000 00:00 0 
7fff3897d000-7fff3899e000 rw-p 00000000 00:00 0                          [stack]
7fff389fe000-7fff38a00000 r-xp 00000000 00:00 0                          [vdso]
ffffffffff600000-ffffffffff601000 r-xp 00000000 00:00 0                  [vsyscall]

VM Arguments:
jvm_args: -Dfile.encoding=UTF-8 -Xbootclasspath:/home/jonathan/Área de Trabalho/adt-bundle-linux-x86_64-20131030/sdk/platforms/android-19/android.jar 
java_command: org.eclipse.jdt.internal.junit.runner.RemoteTestRunner -version 3 -port 56959 -testLoaderClass org.eclipse.jdt.internal.junit.runner.junit3.JUnit3TestLoader -loaderpluginname org.eclipse.jdt.junit.runtime -classNames com.app.jspad.Testejs
Launcher Type: SUN_STANDARD

Environment Variables:
PATH=/usr/local/sbin:/usr/local/bin:/usr/sbin:/usr/bin:/sbin:/bin:/usr/games:/usr/local/games
SHELL=/bin/bash
DISPLAY=:0.0

Signal Handlers:
SIGSEGV: [libjvm.so+0x918620], sa_mask[0]=0x7ffbfeff, sa_flags=0x10000004
SIGBUS: [libjvm.so+0x918620], sa_mask[0]=0x7ffbfeff, sa_flags=0x10000004
SIGFPE: [libjvm.so+0x795e30], sa_mask[0]=0x7ffbfeff, sa_flags=0x10000004
SIGPIPE: [libjvm.so+0x795e30], sa_mask[0]=0x7ffbfeff, sa_flags=0x10000004
SIGXFSZ: [libjvm.so+0x795e30], sa_mask[0]=0x7ffbfeff, sa_flags=0x10000004
SIGILL: [libjvm.so+0x795e30], sa_mask[0]=0x7ffbfeff, sa_flags=0x10000004
SIGUSR1: SIG_DFL, sa_mask[0]=0x00000000, sa_flags=0x00000000
SIGUSR2: [libjvm.so+0x795cd0], sa_mask[0]=0x00000004, sa_flags=0x10000004
SIGHUP: SIG_DFL, sa_mask[0]=0x00000000, sa_flags=0x00000000
SIGINT: SIG_DFL, sa_mask[0]=0x00000000, sa_flags=0x00000000
SIGTERM: SIG_DFL, sa_mask[0]=0x00000000, sa_flags=0x00000000
SIGQUIT: SIG_DFL, sa_mask[0]=0x00000000, sa_flags=0x00000000


---------------  S Y S T E M  ---------------

OS:Ubuntu 14.04 (trusty)
uname:Linux 3.13.0-24-generic #47-Ubuntu SMP Fri May 2 23:30:00 UTC 2014 x86_64
libc:glibc 2.19 NPTL 2.19 
rlimit: STACK 8192k, CORE 0k, NPROC 28921, NOFILE 4096, AS infinity
load average:0.52 0.49 0.54

/proc/meminfo:
MemTotal:        3789460 kB
MemFree:          358484 kB
Buffers:          221204 kB
Cached:          1412636 kB
SwapCached:        52016 kB
Active:          1595740 kB
Inactive:        1432752 kB
Active(anon):     741848 kB
Inactive(anon):   669124 kB
Active(file):     853892 kB
Inactive(file):   763628 kB
Unevictable:         112 kB
Mlocked:             112 kB
SwapTotal:       2098172 kB
SwapFree:        1892516 kB
Dirty:                 0 kB
Writeback:             0 kB
AnonPages:       1356604 kB
Mapped:           184200 kB
Shmem:             16320 kB
Slab:             206928 kB
SReclaimable:     167080 kB
SUnreclaim:        39848 kB
KernelStack:        4616 kB
PageTables:        46652 kB
NFS_Unstable:          0 kB
Bounce:                0 kB
WritebackTmp:          0 kB
CommitLimit:     3992900 kB
Committed_AS:    5577656 kB
VmallocTotal:   34359738367 kB
VmallocUsed:       32156 kB
VmallocChunk:   34359696892 kB
HardwareCorrupted:     0 kB
AnonHugePages:    272384 kB
HugePages_Total:       0
HugePages_Free:        0
HugePages_Rsvd:        0
HugePages_Surp:        0
Hugepagesize:       2048 kB
DirectMap4k:      549632 kB
DirectMap2M:     3381248 kB
DirectMap1G:           0 kB


CPU:total 2 (2 cores per cpu, 1 threads per core) family 16 model 6 stepping 2, cmov, cx8, fxsr, mmx, sse, sse2, sse3, popcnt, mmxext, 3dnowpref, lzcnt, tsc, tscinvbit, tscinv

/proc/cpuinfo:
processor	: 0
vendor_id	: AuthenticAMD
cpu family	: 16
model		: 6
model name	: AMD Athlon(tm) II Dual-Core M300
stepping	: 2
microcode	: 0x1000098
cpu MHz		: 2000.000
cache size	: 512 KB
physical id	: 0
siblings	: 2
core id		: 0
cpu cores	: 2
apicid		: 0
initial apicid	: 0
fpu		: yes
fpu_exception	: yes
cpuid level	: 5
wp		: yes
flags		: fpu vme de pse tsc msr pae mce cx8 apic sep mtrr pge mca cmov pat pse36 clflush mmx fxsr sse sse2 ht syscall nx mmxext fxsr_opt pdpe1gb rdtscp lm 3dnowext 3dnow constant_tsc rep_good nopl nonstop_tsc extd_apicid pni monitor cx16 popcnt lahf_lm cmp_legacy svm extapic cr8_legacy abm sse4a 3dnowprefetch osvw ibs skinit wdt hw_pstate npt lbrv svm_lock nrip_save
bogomips	: 3989.83
TLB size	: 1024 4K pages
clflush size	: 64
cache_alignment	: 64
address sizes	: 48 bits physical, 48 bits virtual
power management: ts ttp tm stc 100mhzsteps hwpstate

processor	: 1
vendor_id	: AuthenticAMD
cpu family	: 16
model		: 6
model name	: AMD Athlon(tm) II Dual-Core M300
stepping	: 2
microcode	: 0x1000098
cpu MHz		: 2000.000
cache size	: 512 KB
physical id	: 0
siblings	: 2
core id		: 1
cpu cores	: 2
apicid		: 1
initial apicid	: 1
fpu		: yes
fpu_exception	: yes
cpuid level	: 5
wp		: yes
flags		: fpu vme de pse tsc msr pae mce cx8 apic sep mtrr pge mca cmov pat pse36 clflush mmx fxsr sse sse2 ht syscall nx mmxext fxsr_opt pdpe1gb rdtscp lm 3dnowext 3dnow constant_tsc rep_good nopl nonstop_tsc extd_apicid pni monitor cx16 popcnt lahf_lm cmp_legacy svm extapic cr8_legacy abm sse4a 3dnowprefetch osvw ibs skinit wdt hw_pstate npt lbrv svm_lock nrip_save
bogomips	: 3989.83
TLB size	: 1024 4K pages
clflush size	: 64
cache_alignment	: 64
address sizes	: 48 bits physical, 48 bits virtual
power management: ts ttp tm stc 100mhzsteps hwpstate



Memory: 4k page, physical 3789460k(358484k free), swap 2098172k(1892516k free)

vm_info: OpenJDK 64-Bit Server VM (24.51-b03) for linux-amd64 JRE (1.7.0_55-b14), built on Apr 17 2014 20:08:07 by "buildd" with gcc 4.8.2

time: Fri May 16 12:49:05 2014
elapsed time: 0 seconds

