#
# A fatal error has been detected by the Java Runtime Environment:
#
#  Internal Error (javaClasses.cpp:136), pid=7518, tid=140310661773056
#  fatal error: Invalid layout of preloaded class
#
# JRE version:  (7.0_55-b14) (build )
# Java VM: OpenJDK 64-Bit Server VM (24.51-b03 mixed mode linux-amd64 compressed oops)
# Failed to write core dump. Core dumps have been disabled. To enable core dumping, try "ulimit -c unlimited" before starting Java again
#
# If you would like to submit a bug report, please include
# instructions on how to reproduce the bug and visit:
#   http://icedtea.classpath.org/bugzilla
#

---------------  T H R E A D  ---------------

Current thread (0x00007f9c9800a000):  JavaThread "Unknown thread" [_thread_in_vm, id=7520, stack(0x00007f9c9f173000,0x00007f9c9f274000)]

Stack: [0x00007f9c9f173000,0x00007f9c9f274000],  sp=0x00007f9c9f272910,  free space=1022k
Native frames: (J=compiled Java code, j=interpreted, Vv=VM code, C=native code)
V  [libjvm.so+0x917b35]  VMError::report_and_die()+0x175
V  [libjvm.so+0x4680b4]  report_fatal(char const*, int, char const*)+0x54
V  [libjvm.so+0x5c0e8a]  compute_offset(int&, klassOopDesc*, Symbol*, Symbol*, bool) [clone .constprop.121]+0x10a
V  [libjvm.so+0x5c1496]  java_lang_String::compute_offsets()+0x36
V  [libjvm.so+0x89e74c]  SystemDictionary::initialize_preloaded_classes(Thread*)+0xcc
V  [libjvm.so+0x8e9698]  Universe::genesis(Thread*)+0x468
V  [libjvm.so+0x8e9ca4]  universe2_init()+0x24
V  [libjvm.so+0x575b8a]  init_globals()+0x9a
V  [libjvm.so+0x8ccfaf]  Threads::create_vm(JavaVMInitArgs*, bool*)+0x35f
V  [libjvm.so+0x5df3d4]  JNI_CreateJavaVM+0x54
C  [libjli.so+0x2b18]  __strcat_chk+0x2b18


---------------  P R O C E S S  ---------------

Java Threads: ( => current thread )

Other Threads:

=>0x00007f9c9800a000 (exited) JavaThread "Unknown thread" [_thread_in_vm, id=7520, stack(0x00007f9c9f173000,0x00007f9c9f274000)]

VM state:not at safepoint (not fully initialized)

VM Mutex/Monitor currently owned by a thread: None

GC Heap History (0 events):
No events

Deoptimization events (0 events):
No events

Internal exceptions (0 events):
No events

Events (10 events):
Event: 0.014 loading class 0x00007f9c923856f0 done
Event: 0.014 loading class 0x00007f9c92385110 done
Event: 0.014 loading class 0x00007f9c923850f0
Event: 0.014 loading class 0x00007f9c9238d130
Event: 0.014 loading class 0x00007f9c9238d130 done
Event: 0.014 loading class 0x00007f9c9238d160
Event: 0.015 loading class 0x00007f9c9238d160 done
Event: 0.015 loading class 0x00007f9c9238d190
Event: 0.015 loading class 0x00007f9c9238d190 done
Event: 0.015 loading class 0x00007f9c923850f0 done


Dynamic libraries:
00400000-00401000 r-xp 00000000 08:05 1981289                            /usr/lib/jvm/java-7-openjdk-amd64/jre/bin/java
00600000-00601000 r--p 00000000 08:05 1981289                            /usr/lib/jvm/java-7-openjdk-amd64/jre/bin/java
00601000-00602000 rw-p 00001000 08:05 1981289                            /usr/lib/jvm/java-7-openjdk-amd64/jre/bin/java
02540000-02561000 rw-p 00000000 00:00 0                                  [heap]
bbc00000-bd100000 rw-p 00000000 00:00 0 
bd100000-c6200000 rw-p 00000000 00:00 0 
c6200000-c8880000 rw-p 00000000 00:00 0 
c8880000-ecb00000 rw-p 00000000 00:00 0 
ecb00000-ede80000 rw-p 00000000 00:00 0 
ede80000-100000000 rw-p 00000000 00:00 0 
7f9c84000000-7f9c84021000 rw-p 00000000 00:00 0 
7f9c84021000-7f9c88000000 ---p 00000000 00:00 0 
7f9c8c000000-7f9c8c021000 rw-p 00000000 00:00 0 
7f9c8c021000-7f9c90000000 ---p 00000000 00:00 0 
7f9c91fdb000-7f9c92238000 rw-p 00000000 00:00 0 
7f9c92238000-7f9c9230f000 r--s 013fe000 08:06 4066076                    /home/jonathan/Área de Trabalho/adt-bundle-linux-x86_64-20131030/sdk/platforms/android-19/android.jar
7f9c9230f000-7f9c9484a000 rw-p 00000000 00:00 0 
7f9c9484a000-7f9c9484b000 ---p 00000000 00:00 0 
7f9c9484b000-7f9c9494b000 rw-p 00000000 00:00 0                          [stack:7522]
7f9c9494b000-7f9c9494c000 ---p 00000000 00:00 0 
7f9c9494c000-7f9c94a57000 rw-p 00000000 00:00 0                          [stack:7521]
7f9c94a57000-7f9c94a9f000 rw-p 00000000 00:00 0 
7f9c94a9f000-7f9c94ab3000 rw-p 00000000 00:00 0 
7f9c94ab3000-7f9c94bd4000 rw-p 00000000 00:00 0 
7f9c94bd4000-7f9c94bdf000 rw-p 00000000 00:00 0 
7f9c94bdf000-7f9c94c27000 rw-p 00000000 00:00 0 
7f9c94c27000-7f9c94c3b000 rw-p 00000000 00:00 0 
7f9c94c3b000-7f9c94d5b000 rw-p 00000000 00:00 0 
7f9c94d5b000-7f9c94d66000 rw-p 00000000 00:00 0 
7f9c94d66000-7f9c94df6000 rw-p 00000000 00:00 0 
7f9c94df6000-7f9c94df7000 rw-p 00000000 00:00 0 
7f9c94df7000-7f9c95067000 rwxp 00000000 00:00 0 
7f9c95067000-7f9c97df7000 rw-p 00000000 00:00 0 
7f9c97df7000-7f9c97dff000 r-xp 00000000 08:05 1712323                    /usr/lib/jvm/java-7-openjdk-amd64/jre/lib/amd64/libzip.so
7f9c97dff000-7f9c97ffe000 ---p 00008000 08:05 1712323                    /usr/lib/jvm/java-7-openjdk-amd64/jre/lib/amd64/libzip.so
7f9c97ffe000-7f9c97fff000 r--p 00007000 08:05 1712323                    /usr/lib/jvm/java-7-openjdk-amd64/jre/lib/amd64/libzip.so
7f9c97fff000-7f9c98000000 rw-p 00008000 08:05 1712323                    /usr/lib/jvm/java-7-openjdk-amd64/jre/lib/amd64/libzip.so
7f9c98000000-7f9c98052000 rw-p 00000000 00:00 0 
7f9c98052000-7f9c9c000000 ---p 00000000 00:00 0 
7f9c9c004000-7f9c9c00f000 r-xp 00000000 08:05 1446012                    /lib/x86_64-linux-gnu/libnss_files-2.19.so
7f9c9c00f000-7f9c9c20e000 ---p 0000b000 08:05 1446012                    /lib/x86_64-linux-gnu/libnss_files-2.19.so
7f9c9c20e000-7f9c9c20f000 r--p 0000a000 08:05 1446012                    /lib/x86_64-linux-gnu/libnss_files-2.19.so
7f9c9c20f000-7f9c9c210000 rw-p 0000b000 08:05 1446012                    /lib/x86_64-linux-gnu/libnss_files-2.19.so
7f9c9c210000-7f9c9c21b000 r-xp 00000000 08:05 1446022                    /lib/x86_64-linux-gnu/libnss_nis-2.19.so
7f9c9c21b000-7f9c9c41a000 ---p 0000b000 08:05 1446022                    /lib/x86_64-linux-gnu/libnss_nis-2.19.so
7f9c9c41a000-7f9c9c41b000 r--p 0000a000 08:05 1446022                    /lib/x86_64-linux-gnu/libnss_nis-2.19.so
7f9c9c41b000-7f9c9c41c000 rw-p 0000b000 08:05 1446022                    /lib/x86_64-linux-gnu/libnss_nis-2.19.so
7f9c9c41c000-7f9c9c433000 r-xp 00000000 08:05 1446006                    /lib/x86_64-linux-gnu/libnsl-2.19.so
7f9c9c433000-7f9c9c632000 ---p 00017000 08:05 1446006                    /lib/x86_64-linux-gnu/libnsl-2.19.so
7f9c9c632000-7f9c9c633000 r--p 00016000 08:05 1446006                    /lib/x86_64-linux-gnu/libnsl-2.19.so
7f9c9c633000-7f9c9c634000 rw-p 00017000 08:05 1446006                    /lib/x86_64-linux-gnu/libnsl-2.19.so
7f9c9c634000-7f9c9c636000 rw-p 00000000 00:00 0 
7f9c9c636000-7f9c9c63f000 r-xp 00000000 08:05 1446008                    /lib/x86_64-linux-gnu/libnss_compat-2.19.so
7f9c9c63f000-7f9c9c83e000 ---p 00009000 08:05 1446008                    /lib/x86_64-linux-gnu/libnss_compat-2.19.so
7f9c9c83e000-7f9c9c83f000 r--p 00008000 08:05 1446008                    /lib/x86_64-linux-gnu/libnss_compat-2.19.so
7f9c9c83f000-7f9c9c840000 rw-p 00009000 08:05 1446008                    /lib/x86_64-linux-gnu/libnss_compat-2.19.so
7f9c9c840000-7f9c9c86b000 r-xp 00000000 08:05 1712319                    /usr/lib/jvm/java-7-openjdk-amd64/jre/lib/amd64/libjava.so
7f9c9c86b000-7f9c9ca6a000 ---p 0002b000 08:05 1712319                    /usr/lib/jvm/java-7-openjdk-amd64/jre/lib/amd64/libjava.so
7f9c9ca6a000-7f9c9ca6b000 r--p 0002a000 08:05 1712319                    /usr/lib/jvm/java-7-openjdk-amd64/jre/lib/amd64/libjava.so
7f9c9ca6b000-7f9c9ca6d000 rw-p 0002b000 08:05 1712319                    /usr/lib/jvm/java-7-openjdk-amd64/jre/lib/amd64/libjava.so
7f9c9ca6d000-7f9c9ca7d000 r-xp 00000000 08:05 1712350                    /usr/lib/jvm/java-7-openjdk-amd64/jre/lib/amd64/libverify.so
7f9c9ca7d000-7f9c9cc7c000 ---p 00010000 08:05 1712350                    /usr/lib/jvm/java-7-openjdk-amd64/jre/lib/amd64/libverify.so
7f9c9cc7c000-7f9c9cc7e000 r--p 0000f000 08:05 1712350                    /usr/lib/jvm/java-7-openjdk-amd64/jre/lib/amd64/libverify.so
7f9c9cc7e000-7f9c9cc7f000 rw-p 00011000 08:05 1712350                    /usr/lib/jvm/java-7-openjdk-amd64/jre/lib/amd64/libverify.so
7f9c9cc7f000-7f9c9cc86000 r-xp 00000000 08:05 1446065                    /lib/x86_64-linux-gnu/librt-2.19.so
7f9c9cc86000-7f9c9ce85000 ---p 00007000 08:05 1446065                    /lib/x86_64-linux-gnu/librt-2.19.so
7f9c9ce85000-7f9c9ce86000 r--p 00006000 08:05 1446065                    /lib/x86_64-linux-gnu/librt-2.19.so
7f9c9ce86000-7f9c9ce87000 rw-p 00007000 08:05 1446065                    /lib/x86_64-linux-gnu/librt-2.19.so
7f9c9ce87000-7f9c9ce9d000 r-xp 00000000 08:05 1445964                    /lib/x86_64-linux-gnu/libgcc_s.so.1
7f9c9ce9d000-7f9c9d09c000 ---p 00016000 08:05 1445964                    /lib/x86_64-linux-gnu/libgcc_s.so.1
7f9c9d09c000-7f9c9d09d000 rw-p 00015000 08:05 1445964                    /lib/x86_64-linux-gnu/libgcc_s.so.1
7f9c9d09d000-7f9c9d1a2000 r-xp 00000000 08:05 1445987                    /lib/x86_64-linux-gnu/libm-2.19.so
7f9c9d1a2000-7f9c9d3a1000 ---p 00105000 08:05 1445987                    /lib/x86_64-linux-gnu/libm-2.19.so
7f9c9d3a1000-7f9c9d3a2000 r--p 00104000 08:05 1445987                    /lib/x86_64-linux-gnu/libm-2.19.so
7f9c9d3a2000-7f9c9d3a3000 rw-p 00105000 08:05 1445987                    /lib/x86_64-linux-gnu/libm-2.19.so
7f9c9d3a3000-7f9c9d489000 r-xp 00000000 08:05 1711590                    /usr/lib/x86_64-linux-gnu/libstdc++.so.6.0.19
7f9c9d489000-7f9c9d688000 ---p 000e6000 08:05 1711590                    /usr/lib/x86_64-linux-gnu/libstdc++.so.6.0.19
7f9c9d688000-7f9c9d690000 r--p 000e5000 08:05 1711590                    /usr/lib/x86_64-linux-gnu/libstdc++.so.6.0.19
7f9c9d690000-7f9c9d692000 rw-p 000ed000 08:05 1711590                    /usr/lib/x86_64-linux-gnu/libstdc++.so.6.0.19
7f9c9d692000-7f9c9d6a7000 rw-p 00000000 00:00 0 
7f9c9d6a7000-7f9c9e188000 r-xp 00000000 08:05 1712333                    /usr/lib/jvm/java-7-openjdk-amd64/jre/lib/amd64/server/libjvm.so
7f9c9e188000-7f9c9e387000 ---p 00ae1000 08:05 1712333                    /usr/lib/jvm/java-7-openjdk-amd64/jre/lib/amd64/server/libjvm.so
7f9c9e387000-7f9c9e419000 r--p 00ae0000 08:05 1712333                    /usr/lib/jvm/java-7-openjdk-amd64/jre/lib/amd64/server/libjvm.so
7f9c9e419000-7f9c9e43c000 rw-p 00b72000 08:05 1712333                    /usr/lib/jvm/java-7-openjdk-amd64/jre/lib/amd64/server/libjvm.so
7f9c9e43c000-7f9c9e469000 rw-p 00000000 00:00 0 
7f9c9e469000-7f9c9e481000 r-xp 00000000 08:05 1446100                    /lib/x86_64-linux-gnu/libz.so.1.2.8
7f9c9e481000-7f9c9e680000 ---p 00018000 08:05 1446100                    /lib/x86_64-linux-gnu/libz.so.1.2.8
7f9c9e680000-7f9c9e681000 r--p 00017000 08:05 1446100                    /lib/x86_64-linux-gnu/libz.so.1.2.8
7f9c9e681000-7f9c9e682000 rw-p 00018000 08:05 1446100                    /lib/x86_64-linux-gnu/libz.so.1.2.8
7f9c9e682000-7f9c9e69b000 r-xp 00000000 08:05 1446057                    /lib/x86_64-linux-gnu/libpthread-2.19.so
7f9c9e69b000-7f9c9e89a000 ---p 00019000 08:05 1446057                    /lib/x86_64-linux-gnu/libpthread-2.19.so
7f9c9e89a000-7f9c9e89b000 r--p 00018000 08:05 1446057                    /lib/x86_64-linux-gnu/libpthread-2.19.so
7f9c9e89b000-7f9c9e89c000 rw-p 00019000 08:05 1446057                    /lib/x86_64-linux-gnu/libpthread-2.19.so
7f9c9e89c000-7f9c9e8a0000 rw-p 00000000 00:00 0 
7f9c9e8a0000-7f9c9e8a3000 r-xp 00000000 08:05 1445954                    /lib/x86_64-linux-gnu/libdl-2.19.so
7f9c9e8a3000-7f9c9eaa2000 ---p 00003000 08:05 1445954                    /lib/x86_64-linux-gnu/libdl-2.19.so
7f9c9eaa2000-7f9c9eaa3000 r--p 00002000 08:05 1445954                    /lib/x86_64-linux-gnu/libdl-2.19.so
7f9c9eaa3000-7f9c9eaa4000 rw-p 00003000 08:05 1445954                    /lib/x86_64-linux-gnu/libdl-2.19.so
7f9c9eaa4000-7f9c9ec60000 r-xp 00000000 08:05 1445937                    /lib/x86_64-linux-gnu/libc-2.19.so
7f9c9ec60000-7f9c9ee5f000 ---p 001bc000 08:05 1445937                    /lib/x86_64-linux-gnu/libc-2.19.so
7f9c9ee5f000-7f9c9ee63000 r--p 001bb000 08:05 1445937                    /lib/x86_64-linux-gnu/libc-2.19.so
7f9c9ee63000-7f9c9ee65000 rw-p 001bf000 08:05 1445937                    /lib/x86_64-linux-gnu/libc-2.19.so
7f9c9ee65000-7f9c9ee6a000 rw-p 00000000 00:00 0 
7f9c9ee6a000-7f9c9ee77000 r-xp 00000000 08:05 1712343                    /usr/lib/jvm/java-7-openjdk-amd64/jre/lib/amd64/jli/libjli.so
7f9c9ee77000-7f9c9f076000 ---p 0000d000 08:05 1712343                    /usr/lib/jvm/java-7-openjdk-amd64/jre/lib/amd64/jli/libjli.so
7f9c9f076000-7f9c9f077000 r--p 0000c000 08:05 1712343                    /usr/lib/jvm/java-7-openjdk-amd64/jre/lib/amd64/jli/libjli.so
7f9c9f077000-7f9c9f078000 rw-p 0000d000 08:05 1712343                    /usr/lib/jvm/java-7-openjdk-amd64/jre/lib/amd64/jli/libjli.so
7f9c9f078000-7f9c9f09b000 r-xp 00000000 08:05 1445913                    /lib/x86_64-linux-gnu/ld-2.19.so
7f9c9f09d000-7f9c9f0bd000 rw-p 00000000 00:00 0 
7f9c9f0bd000-7f9c9f173000 rw-p 00000000 00:00 0 
7f9c9f173000-7f9c9f176000 ---p 00000000 00:00 0 
7f9c9f176000-7f9c9f279000 rw-p 00000000 00:00 0                          [stack:7520]
7f9c9f28c000-7f9c9f28e000 rw-p 00000000 00:00 0 
7f9c9f28e000-7f9c9f296000 rw-s 00000000 08:05 655773                     /tmp/hsperfdata_jonathan/7518
7f9c9f296000-7f9c9f297000 rw-p 00000000 00:00 0 
7f9c9f297000-7f9c9f298000 r--p 00000000 00:00 0 
7f9c9f298000-7f9c9f29a000 rw-p 00000000 00:00 0 
7f9c9f29a000-7f9c9f29b000 r--p 00022000 08:05 1445913                    /lib/x86_64-linux-gnu/ld-2.19.so
7f9c9f29b000-7f9c9f29c000 rw-p 00023000 08:05 1445913                    /lib/x86_64-linux-gnu/ld-2.19.so
7f9c9f29c000-7f9c9f29d000 rw-p 00000000 00:00 0 
7fffed4c8000-7fffed4e9000 rw-p 00000000 00:00 0                          [stack]
7fffed599000-7fffed59b000 r-xp 00000000 00:00 0                          [vdso]
ffffffffff600000-ffffffffff601000 r-xp 00000000 00:00 0                  [vsyscall]

VM Arguments:
jvm_args: -Dfile.encoding=UTF-8 -Xbootclasspath:/home/jonathan/Área de Trabalho/adt-bundle-linux-x86_64-20131030/sdk/platforms/android-19/android.jar 
java_command: org.eclipse.jdt.internal.junit.runner.RemoteTestRunner -version 3 -port 60367 -testLoaderClass org.eclipse.jdt.internal.junit.runner.junit3.JUnit3TestLoader -loaderpluginname org.eclipse.jdt.junit.runtime -classNames com.app.jspad.Testejs
Launcher Type: SUN_STANDARD

Environment Variables:
PATH=/usr/local/sbin:/usr/local/bin:/usr/sbin:/usr/bin:/sbin:/bin:/usr/games:/usr/local/games
SHELL=/bin/bash
DISPLAY=:0.0

Signal Handlers:
SIGSEGV: [libjvm.so+0x918620], sa_mask[0]=0x7ffbfeff, sa_flags=0x10000004
SIGBUS: [libjvm.so+0x918620], sa_mask[0]=0x7ffbfeff, sa_flags=0x10000004
SIGFPE: [libjvm.so+0x795e30], sa_mask[0]=0x7ffbfeff, sa_flags=0x10000004
SIGPIPE: [libjvm.so+0x795e30], sa_mask[0]=0x7ffbfeff, sa_flags=0x10000004
SIGXFSZ: [libjvm.so+0x795e30], sa_mask[0]=0x7ffbfeff, sa_flags=0x10000004
SIGILL: [libjvm.so+0x795e30], sa_mask[0]=0x7ffbfeff, sa_flags=0x10000004
SIGUSR1: SIG_DFL, sa_mask[0]=0x00000000, sa_flags=0x00000000
SIGUSR2: [libjvm.so+0x795cd0], sa_mask[0]=0x00000004, sa_flags=0x10000004
SIGHUP: SIG_DFL, sa_mask[0]=0x00000000, sa_flags=0x00000000
SIGINT: SIG_DFL, sa_mask[0]=0x00000000, sa_flags=0x00000000
SIGTERM: SIG_DFL, sa_mask[0]=0x00000000, sa_flags=0x00000000
SIGQUIT: SIG_DFL, sa_mask[0]=0x00000000, sa_flags=0x00000000


---------------  S Y S T E M  ---------------

OS:Ubuntu 14.04 (trusty)
uname:Linux 3.13.0-24-generic #47-Ubuntu SMP Fri May 2 23:30:00 UTC 2014 x86_64
libc:glibc 2.19 NPTL 2.19 
rlimit: STACK 8192k, CORE 0k, NPROC 28921, NOFILE 4096, AS infinity
load average:0.33 0.44 0.53

/proc/meminfo:
MemTotal:        3789460 kB
MemFree:          355672 kB
Buffers:          220840 kB
Cached:          1411764 kB
SwapCached:        52020 kB
Active:          1594060 kB
Inactive:        1435888 kB
Active(anon):     744884 kB
Inactive(anon):   669120 kB
Active(file):     849176 kB
Inactive(file):   766768 kB
Unevictable:         112 kB
Mlocked:             112 kB
SwapTotal:       2098172 kB
SwapFree:        1892508 kB
Dirty:                 0 kB
Writeback:             0 kB
AnonPages:       1359648 kB
Mapped:           186676 kB
Shmem:             16308 kB
Slab:             206684 kB
SReclaimable:     166920 kB
SUnreclaim:        39764 kB
KernelStack:        4648 kB
PageTables:        47284 kB
NFS_Unstable:          0 kB
Bounce:                0 kB
WritebackTmp:          0 kB
CommitLimit:     3992900 kB
Committed_AS:    5635856 kB
VmallocTotal:   34359738367 kB
VmallocUsed:       32156 kB
VmallocChunk:   34359696892 kB
HardwareCorrupted:     0 kB
AnonHugePages:    272384 kB
HugePages_Total:       0
HugePages_Free:        0
HugePages_Rsvd:        0
HugePages_Surp:        0
Hugepagesize:       2048 kB
DirectMap4k:      549632 kB
DirectMap2M:     3381248 kB
DirectMap1G:           0 kB


CPU:total 2 (2 cores per cpu, 1 threads per core) family 16 model 6 stepping 2, cmov, cx8, fxsr, mmx, sse, sse2, sse3, popcnt, mmxext, 3dnowpref, lzcnt, tsc, tscinvbit, tscinv

/proc/cpuinfo:
processor	: 0
vendor_id	: AuthenticAMD
cpu family	: 16
model		: 6
model name	: AMD Athlon(tm) II Dual-Core M300
stepping	: 2
microcode	: 0x1000098
cpu MHz		: 2000.000
cache size	: 512 KB
physical id	: 0
siblings	: 2
core id		: 0
cpu cores	: 2
apicid		: 0
initial apicid	: 0
fpu		: yes
fpu_exception	: yes
cpuid level	: 5
wp		: yes
flags		: fpu vme de pse tsc msr pae mce cx8 apic sep mtrr pge mca cmov pat pse36 clflush mmx fxsr sse sse2 ht syscall nx mmxext fxsr_opt pdpe1gb rdtscp lm 3dnowext 3dnow constant_tsc rep_good nopl nonstop_tsc extd_apicid pni monitor cx16 popcnt lahf_lm cmp_legacy svm extapic cr8_legacy abm sse4a 3dnowprefetch osvw ibs skinit wdt hw_pstate npt lbrv svm_lock nrip_save
bogomips	: 3989.83
TLB size	: 1024 4K pages
clflush size	: 64
cache_alignment	: 64
address sizes	: 48 bits physical, 48 bits virtual
power management: ts ttp tm stc 100mhzsteps hwpstate

processor	: 1
vendor_id	: AuthenticAMD
cpu family	: 16
model		: 6
model name	: AMD Athlon(tm) II Dual-Core M300
stepping	: 2
microcode	: 0x1000098
cpu MHz		: 2000.000
cache size	: 512 KB
physical id	: 0
siblings	: 2
core id		: 1
cpu cores	: 2
apicid		: 1
initial apicid	: 1
fpu		: yes
fpu_exception	: yes
cpuid level	: 5
wp		: yes
flags		: fpu vme de pse tsc msr pae mce cx8 apic sep mtrr pge mca cmov pat pse36 clflush mmx fxsr sse sse2 ht syscall nx mmxext fxsr_opt pdpe1gb rdtscp lm 3dnowext 3dnow constant_tsc rep_good nopl nonstop_tsc extd_apicid pni monitor cx16 popcnt lahf_lm cmp_legacy svm extapic cr8_legacy abm sse4a 3dnowprefetch osvw ibs skinit wdt hw_pstate npt lbrv svm_lock nrip_save
bogomips	: 3989.83
TLB size	: 1024 4K pages
clflush size	: 64
cache_alignment	: 64
address sizes	: 48 bits physical, 48 bits virtual
power management: ts ttp tm stc 100mhzsteps hwpstate



Memory: 4k page, physical 3789460k(355672k free), swap 2098172k(1892508k free)

vm_info: OpenJDK 64-Bit Server VM (24.51-b03) for linux-amd64 JRE (1.7.0_55-b14), built on Apr 17 2014 20:08:07 by "buildd" with gcc 4.8.2

time: Fri May 16 12:46:34 2014
elapsed time: 0 seconds

